2026-06-24 04:45:36 +0000    8036 execution.flow     INFO     Start executing nodes in thread pool mode.
2026-06-24 04:45:36 +0000    8036 execution.flow     INFO     Start to run 4 nodes with concurrency level 16.
2026-06-24 04:45:36 +0000    8036 execution.flow     INFO     Executing node data_loader. node run id: c5c190ca-b10c-48e7-9d9d-3f0f3fcf0e9d_data_loader_0
2026-06-24 04:45:44 +0000    8036 execution.flow     INFO     Node data_loader completes.
2026-06-24 04:45:44 +0000    8036 execution.flow     INFO     Executing node code_gen_node. node run id: c5c190ca-b10c-48e7-9d9d-3f0f3fcf0e9d_code_gen_node_0
2026-06-24 04:45:47 +0000    8036 execution.flow     INFO     Node code_gen_node completes.
2026-06-24 04:45:47 +0000    8036 execution.flow     INFO     Executing node executor_node. node run id: c5c190ca-b10c-48e7-9d9d-3f0f3fcf0e9d_executor_node_0
2026-06-24 04:45:48 +0000    8036 execution.flow     INFO     Node executor_node completes.
2026-06-24 04:45:48 +0000    8036 execution.flow     INFO     Executing node synthesis_node. node run id: c5c190ca-b10c-48e7-9d9d-3f0f3fcf0e9d_synthesis_node_0
2026-06-24 04:45:50 +0000    8036 execution.flow     INFO     Node synthesis_node completes.
2026-06-24 04:46:00 +0000    8036 execution.flow     INFO     Start executing nodes in thread pool mode.
2026-06-24 04:46:00 +0000    8036 execution.flow     INFO     Start to run 4 nodes with concurrency level 16.
2026-06-24 04:46:00 +0000    8036 execution.flow     INFO     Executing node data_loader. node run id: f687a398-6c0e-43f6-b18a-2f62922821a5_data_loader_0
2026-06-24 04:46:02 +0000    8036 execution.flow     INFO     Node data_loader completes.
2026-06-24 04:46:02 +0000    8036 execution.flow     INFO     Executing node code_gen_node. node run id: f687a398-6c0e-43f6-b18a-2f62922821a5_code_gen_node_0
2026-06-24 04:46:04 +0000    8036 execution.flow     INFO     Node code_gen_node completes.
2026-06-24 04:46:04 +0000    8036 execution.flow     INFO     Executing node executor_node. node run id: f687a398-6c0e-43f6-b18a-2f62922821a5_executor_node_0
2026-06-24 04:46:05 +0000    8036 execution.flow     INFO     Node executor_node completes.
2026-06-24 04:46:05 +0000    8036 execution.flow     INFO     Executing node synthesis_node. node run id: f687a398-6c0e-43f6-b18a-2f62922821a5_synthesis_node_0
2026-06-24 04:46:06 +0000    8036 execution.flow     INFO     Node synthesis_node completes.
2026-06-24 04:46:09 +0000    8036 execution.flow     INFO     Received signal 2(SIGINT), start to exit sync flow execution.
